0 info it worked if it ends with ok
1 verbose cli [ '/main/dev/node/nvm/versions/node/v6.6.0/bin/node',
1 verbose cli   '/main/dev/node/nvm/versions/node/v6.6.0/bin/npm',
1 verbose cli   'run',
1 verbose cli   'test:dw',
1 verbose cli   'spec/components/snapshot/box.spec.js' ]
2 info using npm@3.10.3
3 info using node@v6.6.0
4 verbose stack Error: missing script: test:dw
4 verbose stack     at run (/main/dev/node/nvm/versions/node/v6.6.0/lib/node_modules/npm/lib/run-script.js:151:19)
4 verbose stack     at /main/dev/node/nvm/versions/node/v6.6.0/lib/node_modules/npm/lib/run-script.js:61:5
4 verbose stack     at /main/dev/node/nvm/versions/node/v6.6.0/lib/node_modules/npm/node_modules/read-package-json/read-json.js:356:5
4 verbose stack     at checkBinReferences_ (/main/dev/node/nvm/versions/node/v6.6.0/lib/node_modules/npm/node_modules/read-package-json/read-json.js:320:45)
4 verbose stack     at final (/main/dev/node/nvm/versions/node/v6.6.0/lib/node_modules/npm/node_modules/read-package-json/read-json.js:354:3)
4 verbose stack     at then (/main/dev/node/nvm/versions/node/v6.6.0/lib/node_modules/npm/node_modules/read-package-json/read-json.js:124:5)
4 verbose stack     at ReadFileContext.<anonymous> (/main/dev/node/nvm/versions/node/v6.6.0/lib/node_modules/npm/node_modules/read-package-json/read-json.js:295:20)
4 verbose stack     at ReadFileContext.callback (/main/dev/node/nvm/versions/node/v6.6.0/lib/node_modules/npm/node_modules/graceful-fs/graceful-fs.js:78:16)
4 verbose stack     at FSReqWrap.readFileAfterOpen [as oncomplete] (fs.js:365:13)
5 verbose cwd /var/www/go/snapshotter/src/github.com/server-monitor/snapshotter/frontend
6 error Linux 3.13.0-36-generic
7 error argv "/main/dev/node/nvm/versions/node/v6.6.0/bin/node" "/main/dev/node/nvm/versions/node/v6.6.0/bin/npm" "run" "test:dw" "spec/components/snapshot/box.spec.js"
8 error node v6.6.0
9 error npm  v3.10.3
10 error missing script: test:dw
11 error If you need help, you may report this error at:
11 error     <https://github.com/npm/npm/issues>
12 verbose exit [ 1, true ]
